<?xml version="1.0" encoding="UTF-8"?>
<testsuites>
    <testsuite name="&quot;booking&quot;;&quot;booking&quot;" tests="14" failures="1" skipped="5">
        <properties>
            <property name="URI" value="C:\Users\insik\Documents\GitHub\gavinTravelingFront\tests\selenium\features\Boka.feature">
            </property>
        </properties>
        <testcase name="Given that I am logged in" classname="&quot;booking&quot;;&quot;booking&quot;" time="0.0017111">
        </testcase>
        <testcase name="And that I am on the Gavin traveling search page" classname="&quot;booking&quot;;&quot;booking&quot;" time="5.801077">
        </testcase>
        <testcase name="And that I’ve entered dates for my booking" classname="&quot;booking&quot;;&quot;booking&quot;" time="1.047700799">
        </testcase>
        <testcase name="When I press the search button" classname="&quot;booking&quot;;&quot;booking&quot;" time="1.233418101">
        </testcase>
        <testcase name="And I choose number of room" classname="&quot;booking&quot;;&quot;booking&quot;" time="0.6432052">
        </testcase>
        <testcase name="And I select number of children" classname="&quot;booking&quot;;&quot;booking&quot;" time="0.5626387">
        </testcase>
        <testcase name="And I select number of small children" classname="&quot;booking&quot;;&quot;booking&quot;" time="0.547156301">
        </testcase>
        <testcase name="And i select number of adults" classname="&quot;booking&quot;;&quot;booking&quot;" time="0.541277999">
        </testcase>
        <testcase name="And I click the booking button" classname="&quot;booking&quot;;&quot;booking&quot;" time="10.0032406">
            <failure message="function timed out after 10000 milliseconds">function timed out after 10000 milliseconds</failure>
        </testcase>
        <testcase name="And i choose number of rooms" classname="&quot;booking&quot;;&quot;booking&quot;">
            <skipped message="">
            </skipped>
        </testcase>
        <testcase name="When i click Gå till bokning" classname="&quot;booking&quot;;&quot;booking&quot;">
            <skipped message="">
            </skipped>
        </testcase>
        <testcase name="When i choose Vafan vill ni ha till" classname="&quot;booking&quot;;&quot;booking&quot;">
            <skipped message="">
            </skipped>
        </testcase>
        <testcase name="And i press Boka nu för fan" classname="&quot;booking&quot;;&quot;booking&quot;">
            <skipped message="">
            </skipped>
        </testcase>
        <testcase name="Then I receive the confirmation of my booking" classname="&quot;booking&quot;;&quot;booking&quot;">
            <skipped message="">
            </skipped>
        </testcase>
    </testsuite>
</testsuites>