<?xml version="1.0" encoding="UTF-8"?>
<testsuites>
    <testsuite name="&quot;booking&quot;;&quot;booking&quot;" tests="14" failures="0" skipped="10">
        <properties>
            <property name="URI" value="C:/Users/insik/Documents/GitHub/gavinTravelingFront/tests/selenium/features/Boka.feature">
            </property>
        </properties>
        <testcase name="Given that I am logged in" classname="&quot;booking&quot;;&quot;booking&quot;" time="0.000712101">
        </testcase>
        <testcase name="And that I am on the Gavin traveling search page" classname="&quot;booking&quot;;&quot;booking&quot;" time="5.2997491">
        </testcase>
        <testcase name="And that I’ve entered dates for my booking" classname="&quot;booking&quot;;&quot;booking&quot;" time="1.071727601">
        </testcase>
        <testcase name="When I press the search button" classname="&quot;booking&quot;;&quot;booking&quot;" time="1.2244627">
        </testcase>
        <testcase name="And I choose 1 room" classname="&quot;booking&quot;;&quot;booking&quot;">
            <skipped message="">
            </skipped>
        </testcase>
        <testcase name="And I select 1 children" classname="&quot;booking&quot;;&quot;booking&quot;">
            <skipped message="">
            </skipped>
        </testcase>
        <testcase name="And I select 1 small children" classname="&quot;booking&quot;;&quot;booking&quot;">
            <skipped message="">
            </skipped>
        </testcase>
        <testcase name="And i select 2 adult" classname="&quot;booking&quot;;&quot;booking&quot;">
            <skipped message="">
            </skipped>
        </testcase>
        <testcase name="And I click the booking button" classname="&quot;booking&quot;;&quot;booking&quot;">
            <skipped message="">
            </skipped>
        </testcase>
        <testcase name="And i choose number of rooms" classname="&quot;booking&quot;;&quot;booking&quot;">
            <skipped message="">
            </skipped>
        </testcase>
        <testcase name="When i click Gå till bokning" classname="&quot;booking&quot;;&quot;booking&quot;">
            <skipped message="">
            </skipped>
        </testcase>
        <testcase name="When i choose Vafan vill ni ha till" classname="&quot;booking&quot;;&quot;booking&quot;">
            <skipped message="">
            </skipped>
        </testcase>
        <testcase name="And i press Boka nu för fan" classname="&quot;booking&quot;;&quot;booking&quot;">
            <skipped message="">
            </skipped>
        </testcase>
        <testcase name="Then I receive the confirmation of my booking" classname="&quot;booking&quot;;&quot;booking&quot;">
            <skipped message="">
            </skipped>
        </testcase>
    </testsuite>
</testsuites>